-------------------------------------------------------------------------------
Test set: com.ting.product.service.impl.CategoryServiceImplTest
-------------------------------------------------------------------------------
Tests run: 2, Failures: 1, Errors: 0, Skipped: 0, Time elapsed: 0.063 sec <<< FAILURE! - in com.ting.product.service.impl.CategoryServiceImplTest
testFindByCategoryTypeIn(com.ting.product.service.impl.CategoryServiceImplTest)  Time elapsed: 0.017 sec  <<< FAILURE!
java.lang.AssertionError
	at com.ting.product.service.impl.CategoryServiceImplTest.testFindByCategoryTypeIn(CategoryServiceImplTest.java:27)

