<?xml version="1.0" encoding="UTF-8"?>
<testsuite xmlns:xsi="http://www.w3.org/2001/XMLSchema-instance" xsi:schemaLocation="https://maven.apache.org/surefire/maven-surefire-plugin/xsd/surefire-test-report.xsd" name="com.ting.product.repository.ProductCategoryRepositoryTest" time="31.253" tests="1" errors="0" skipped="0" failures="1">
  <properties>
[...]
</properties>
  <testcase name="testFindByCategoryTypeIn" classname="com.ting.product.repository.ProductCategoryRepositoryTest" time="0.905">
    <failure type="java.lang.AssertionError">java.lang.AssertionError
	at com.ting.product.repository.ProductCategoryRepositoryTest.testFindByCategoryTypeIn(ProductCategoryRepositoryTest.java:33)
</failure>
    <system-out><![CDATA[20:20:23.802 [main] DEBUG org.springframework.test.context.junit4.SpringJUnit4ClassRunner - SpringJUnit4ClassRunner constructor called with [class com.ting.product.repository.ProductCategoryRepositoryTest]
20:20:23.821 [main] DEBUG org.springframework.test.context.BootstrapUtils - Instantiating CacheAwareContextLoaderDelegate from class [org.springframework.test.context.cache.DefaultCacheAwareContextLoaderDelegate]
20:20:23.843 [main] DEBUG org.springframework.test.context.BootstrapUtils - Instantiating BootstrapContext using constructor [public org.springframework.test.context.support.DefaultBootstrapContext(java.lang.Class,org.springframework.test.context.CacheAwareContextLoaderDelegate)]
20:20:23.905 [main] DEBUG org.springframework.test.context.BootstrapUtils - Instantiating TestContextBootstrapper for test class [com.ting.product.repository.ProductCategoryRepositoryTest] from class [org.springframework.boot.test.context.SpringBootTestContextBootstrapper]
20:20:23.957 [main] INFO org.springframework.boot.test.context.SpringBootTestContextBootstrapper - Neither @ContextConfiguration nor @ContextHierarchy found for test class [com.ting.product.repository.ProductCategoryRepositoryTest], using SpringBootContextLoader
20:20:23.973 [main] DEBUG org.springframework.test.context.support.AbstractContextLoader - Did not detect default resource location for test class [com.ting.product.repository.ProductCategoryRepositoryTest]: class path resource [com/ting/product/repository/ProductCategoryRepositoryTest-context.xml] does not exist
20:20:23.975 [main] DEBUG org.springframework.test.context.support.AbstractContextLoader - Did not detect default resource location for test class [com.ting.product.repository.ProductCategoryRepositoryTest]: class path resource [com/ting/product/repository/ProductCategoryRepositoryTestContext.groovy] does not exist
20:20:23.976 [main] INFO org.springframework.test.context.support.AbstractContextLoader - Could not detect default resource locations for test class [com.ting.product.repository.ProductCategoryRepositoryTest]: no resource found for suffixes {-context.xml, Context.groovy}.
20:20:23.980 [main] INFO org.springframework.test.context.support.AnnotationConfigContextLoaderUtils - Could not detect default configuration classes for test class [com.ting.product.repository.ProductCategoryRepositoryTest]: ProductCategoryRepositoryTest does not declare any static, non-private, non-final, nested classes annotated with @Configuration.
20:20:24.145 [main] DEBUG org.springframework.test.context.support.ActiveProfilesUtils - Could not find an 'annotation declaring class' for annotation type [org.springframework.test.context.ActiveProfiles] and class [com.ting.product.repository.ProductCategoryRepositoryTest]
20:20:24.164 [main] DEBUG org.springframework.core.env.StandardEnvironment - Adding [systemProperties] PropertySource with lowest search precedence
20:20:24.166 [main] DEBUG org.springframework.core.env.StandardEnvironment - Adding [systemEnvironment] PropertySource with lowest search precedence
20:20:24.167 [main] DEBUG org.springframework.core.env.StandardEnvironment - Initialized StandardEnvironment with PropertySources [systemProperties,systemEnvironment]
20:20:24.193 [main] DEBUG org.springframework.core.io.support.PathMatchingResourcePatternResolver - Resolved classpath location [com/ting/product/repository/] to resources [URL [file:/Users/ting/IdeaProjects/SpringCloud_Sell/product/server/target/test-classes/com/ting/product/repository/], URL [file:/Users/ting/IdeaProjects/SpringCloud_Sell/product/server/target/classes/com/ting/product/repository/]]
20:20:24.194 [main] DEBUG org.springframework.core.io.support.PathMatchingResourcePatternResolver - Looking for matching resources in directory tree [/Users/ting/IdeaProjects/SpringCloud_Sell/product/server/target/test-classes/com/ting/product/repository]
20:20:24.195 [main] DEBUG org.springframework.core.io.support.PathMatchingResourcePatternResolver - Searching directory [/Users/ting/IdeaProjects/SpringCloud_Sell/product/server/target/test-classes/com/ting/product/repository] for files matching pattern [/Users/ting/IdeaProjects/SpringCloud_Sell/product/server/target/test-classes/com/ting/product/repository/*.class]
20:20:24.201 [main] DEBUG org.springframework.core.io.support.PathMatchingResourcePatternResolver - Looking for matching resources in directory tree [/Users/ting/IdeaProjects/SpringCloud_Sell/product/server/target/classes/com/ting/product/repository]
20:20:24.204 [main] DEBUG org.springframework.core.io.support.PathMatchingResourcePatternResolver - Searching directory [/Users/ting/IdeaProjects/SpringCloud_Sell/product/server/target/classes/com/ting/product/repository] for files matching pattern [/Users/ting/IdeaProjects/SpringCloud_Sell/product/server/target/classes/com/ting/product/repository/*.class]
20:20:24.205 [main] DEBUG org.springframework.core.io.support.PathMatchingResourcePatternResolver - Resolved location pattern [classpath*:com/ting/product/repository/*.class] to resources [file [/Users/ting/IdeaProjects/SpringCloud_Sell/product/server/target/test-classes/com/ting/product/repository/ProductCategoryRepositoryTest.class], file [/Users/ting/IdeaProjects/SpringCloud_Sell/product/server/target/test-classes/com/ting/product/repository/ProductInfoRepositoryTest.class], file [/Users/ting/IdeaProjects/SpringCloud_Sell/product/server/target/classes/com/ting/product/repository/ProductCategoryRepository.class], file [/Users/ting/IdeaProjects/SpringCloud_Sell/product/server/target/classes/com/ting/product/repository/ProductInfoRepository.class]]
20:20:24.267 [main] DEBUG org.springframework.core.io.support.PathMatchingResourcePatternResolver - Resolved classpath location [com/ting/product/] to resources [URL [file:/Users/ting/IdeaProjects/SpringCloud_Sell/product/server/target/test-classes/com/ting/product/], URL [file:/Users/ting/IdeaProjects/SpringCloud_Sell/product/server/target/classes/com/ting/product/], URL [jar:file:/Users/ting/IdeaProjects/SpringCloud_Sell/product/common/target/product-common-0.0.1-SNAPSHOT.jar!/com/ting/product/]]
20:20:24.267 [main] DEBUG org.springframework.core.io.support.PathMatchingResourcePatternResolver - Looking for matching resources in directory tree [/Users/ting/IdeaProjects/SpringCloud_Sell/product/server/target/test-classes/com/ting/product]
20:20:24.267 [main] DEBUG org.springframework.core.io.support.PathMatchingResourcePatternResolver - Searching directory [/Users/ting/IdeaProjects/SpringCloud_Sell/product/server/target/test-classes/com/ting/product] for files matching pattern [/Users/ting/IdeaProjects/SpringCloud_Sell/product/server/target/test-classes/com/ting/product/*.class]
20:20:24.268 [main] DEBUG org.springframework.core.io.support.PathMatchingResourcePatternResolver - Looking for matching resources in directory tree [/Users/ting/IdeaProjects/SpringCloud_Sell/product/server/target/classes/com/ting/product]
20:20:24.269 [main] DEBUG org.springframework.core.io.support.PathMatchingResourcePatternResolver - Searching directory [/Users/ting/IdeaProjects/SpringCloud_Sell/product/server/target/classes/com/ting/product] for files matching pattern [/Users/ting/IdeaProjects/SpringCloud_Sell/product/server/target/classes/com/ting/product/*.class]
20:20:24.272 [main] DEBUG org.springframework.core.io.support.PathMatchingResourcePatternResolver - Looking for matching resources in jar file [file:/Users/ting/IdeaProjects/SpringCloud_Sell/product/common/target/product-common-0.0.1-SNAPSHOT.jar]
20:20:24.273 [main] DEBUG org.springframework.core.io.support.PathMatchingResourcePatternResolver - Resolved location pattern [classpath*:com/ting/product/*.class] to resources [file [/Users/ting/IdeaProjects/SpringCloud_Sell/product/server/target/test-classes/com/ting/product/SpringCloudProductApplicationTests.class], file [/Users/ting/IdeaProjects/SpringCloud_Sell/product/server/target/classes/com/ting/product/SpringCloudProductApplication.class]]
20:20:24.342 [main] DEBUG org.springframework.context.annotation.ClassPathScanningCandidateComponentProvider - Identified candidate component class: file [/Users/ting/IdeaProjects/SpringCloud_Sell/product/server/target/classes/com/ting/product/SpringCloudProductApplication.class]
20:20:24.344 [main] INFO org.springframework.boot.test.context.SpringBootTestContextBootstrapper - Found @SpringBootConfiguration com.ting.product.SpringCloudProductApplication for test class com.ting.product.repository.ProductCategoryRepositoryTest
20:20:24.608 [main] DEBUG org.springframework.boot.test.context.SpringBootTestContextBootstrapper - @TestExecutionListeners is not present for class [com.ting.product.repository.ProductCategoryRepositoryTest]: using defaults.
20:20:24.611 [main] INFO org.springframework.boot.test.context.SpringBootTestContextBootstrapper - Loaded default TestExecutionListener class names from location [META-INF/spring.factories]: [org.springframework.boot.test.mock.mockito.MockitoTestExecutionListener, org.springframework.boot.test.mock.mockito.ResetMocksTestExecutionListener, org.springframework.boot.test.autoconfigure.restdocs.RestDocsTestExecutionListener, org.springframework.boot.test.autoconfigure.web.client.MockRestServiceServerResetTestExecutionListener, org.springframework.boot.test.autoconfigure.web.servlet.MockMvcPrintOnlyOnFailureTestExecutionListener, org.springframework.boot.test.autoconfigure.web.servlet.WebDriverTestExecutionListener, org.springframework.test.context.web.ServletTestExecutionListener, org.springframework.test.context.support.DirtiesContextBeforeModesTestExecutionListener, org.springframework.test.context.support.DependencyInjectionTestExecutionListener, org.springframework.test.context.support.DirtiesContextTestExecutionListener, org.springframework.test.context.transaction.TransactionalTestExecutionListener, org.springframework.test.context.jdbc.SqlScriptsTestExecutionListener]
20:20:24.928 [main] INFO org.springframework.boot.test.context.SpringBootTestContextBootstrapper - Using TestExecutionListeners: [org.springframework.test.context.web.ServletTestExecutionListener@909217e, org.springframework.test.context.support.DirtiesContextBeforeModesTestExecutionListener@18271936, org.springframework.boot.test.autoconfigure.SpringBootDependencyInjectionTestExecutionListener@606e4010, org.springframework.test.context.support.DirtiesContextTestExecutionListener@8458f04, org.springframework.test.context.transaction.TransactionalTestExecutionListener@48075da3, org.springframework.test.context.jdbc.SqlScriptsTestExecutionListener@68c9133c, org.springframework.boot.test.mock.mockito.MockitoTestExecutionListener@7a35b0f5, org.springframework.boot.test.autoconfigure.web.servlet.MockMvcPrintOnlyOnFailureTestExecutionListener@5e2c3d18, org.springframework.boot.test.autoconfigure.web.servlet.WebDriverTestExecutionListener@2cb4893b, org.springframework.boot.test.mock.mockito.ResetMocksTestExecutionListener@cc43f62, org.springframework.boot.test.autoconfigure.web.client.MockRestServiceServerResetTestExecutionListener@5b218417, org.springframework.boot.test.autoconfigure.restdocs.RestDocsTestExecutionListener@645aa696]
20:20:24.934 [main] DEBUG org.springframework.test.annotation.ProfileValueUtils - Retrieved @ProfileValueSourceConfiguration [null] for test class [com.ting.product.repository.ProductCategoryRepositoryTest]
20:20:24.935 [main] DEBUG org.springframework.test.annotation.ProfileValueUtils - Retrieved ProfileValueSource type [class org.springframework.test.annotation.SystemProfileValueSource] for class [com.ting.product.repository.ProductCategoryRepositoryTest]
20:20:24.936 [main] DEBUG org.springframework.test.annotation.ProfileValueUtils - Retrieved @ProfileValueSourceConfiguration [null] for test class [com.ting.product.repository.ProductCategoryRepositoryTest]
20:20:24.937 [main] DEBUG org.springframework.test.annotation.ProfileValueUtils - Retrieved ProfileValueSource type [class org.springframework.test.annotation.SystemProfileValueSource] for class [com.ting.product.repository.ProductCategoryRepositoryTest]
20:20:24.940 [main] DEBUG org.springframework.test.annotation.ProfileValueUtils - Retrieved @ProfileValueSourceConfiguration [null] for test class [com.ting.product.repository.ProductCategoryRepositoryTest]
20:20:24.940 [main] DEBUG org.springframework.test.annotation.ProfileValueUtils - Retrieved ProfileValueSource type [class org.springframework.test.annotation.SystemProfileValueSource] for class [com.ting.product.repository.ProductCategoryRepositoryTest]
20:20:24.951 [main] DEBUG org.springframework.test.context.support.AbstractDirtiesContextTestExecutionListener - Before test class: context [DefaultTestContext@231f98ef testClass = ProductCategoryRepositoryTest, testInstance = [null], testMethod = [null], testException = [null], mergedContextConfiguration = [WebMergedContextConfiguration@7c137fd5 testClass = ProductCategoryRepositoryTest, locations = '{}', classes = '{class com.ting.product.SpringCloudProductApplication}', contextInitializerClasses = '[]', activeProfiles = '{}', propertySourceLocations = '{}', propertySourceProperties = '{org.springframework.boot.test.context.SpringBootTestContextBootstrapper=true}', contextCustomizers = set[org.springframework.boot.test.context.SpringBootTestContextCustomizer@62fdb4a6, org.springframework.boot.test.context.filter.ExcludeFilterContextCustomizer@31206beb, org.springframework.boot.test.json.DuplicateJsonObjectContextCustomizerFactory$DuplicateJsonObjectContextCustomizer@23bb8443, org.springframework.boot.test.mock.mockito.MockitoContextCustomizer@0, org.springframework.boot.test.autoconfigure.properties.PropertyMappingContextCustomizer@0, org.springframework.boot.test.autoconfigure.web.servlet.WebDriverContextCustomizerFactory$Customizer@70b0b186], resourceBasePath = 'src/main/webapp', contextLoader = 'org.springframework.boot.test.context.SpringBootContextLoader', parent = [null]], attributes = map['org.springframework.test.context.web.ServletTestExecutionListener.activateListener' -> true]], class annotated with @DirtiesContext [false] with mode [null].
20:20:24.967 [main] DEBUG org.springframework.test.annotation.ProfileValueUtils - Retrieved @ProfileValueSourceConfiguration [null] for test class [com.ting.product.repository.ProductCategoryRepositoryTest]
20:20:24.969 [main] DEBUG org.springframework.test.annotation.ProfileValueUtils - Retrieved ProfileValueSource type [class org.springframework.test.annotation.SystemProfileValueSource] for class [com.ting.product.repository.ProductCategoryRepositoryTest]
20:20:25.108 [main] DEBUG org.springframework.core.env.StandardEnvironment - Adding [systemProperties] PropertySource with lowest search precedence
20:20:25.110 [main] DEBUG org.springframework.core.env.StandardEnvironment - Adding [systemEnvironment] PropertySource with lowest search precedence
20:20:25.113 [main] DEBUG org.springframework.core.env.StandardEnvironment - Initialized StandardEnvironment with PropertySources [systemProperties,systemEnvironment]
20:20:25.148 [main] DEBUG org.springframework.test.context.support.TestPropertySourceUtils - Adding inlined properties to environment: {spring.jmx.enabled=false, org.springframework.boot.test.context.SpringBootTestContextBootstrapper=true, server.port=-1}
20:20:25.149 [main] DEBUG org.springframework.core.env.StandardEnvironment - Adding [Inlined Test Properties] PropertySource with highest search precedence
2019-01-27 20:20:26.161  INFO 3129 --- [           main] s.c.a.AnnotationConfigApplicationContext : Refreshing org.springframework.context.annotation.AnnotationConfigApplicationContext@4982cc36: startup date [Sun Jan 27 20:20:26 CST 2019]; root of context hierarchy
2019-01-27 20:20:27.262  INFO 3129 --- [           main] f.a.AutowiredAnnotationBeanPostProcessor : JSR-330 'javax.inject.Inject' annotation found and supported for autowiring
2019-01-27 20:20:27.389  INFO 3129 --- [           main] trationDelegate$BeanPostProcessorChecker : Bean 'configurationPropertiesRebinderAutoConfiguration' of type [org.springframework.cloud.autoconfigure.ConfigurationPropertiesRebinderAutoConfiguration$$EnhancerBySpringCGLIB$$d21878a3] is not eligible for getting processed by all BeanPostProcessors (for example: not eligible for auto-proxying)
2019-01-27 20:20:28.202  INFO 3129 --- [           main] o.s.c.n.eureka.InstanceInfoFactory       : Setting initial instance status as: STARTING
2019-01-27 20:20:28.484  INFO 3129 --- [           main] com.netflix.discovery.DiscoveryClient    : Initializing Eureka in region us-east-1
2019-01-27 20:20:29.030  INFO 3129 --- [           main] c.n.d.provider.DiscoveryJerseyProvider   : Using JSON encoding codec LegacyJacksonJson
2019-01-27 20:20:29.030  INFO 3129 --- [           main] c.n.d.provider.DiscoveryJerseyProvider   : Using JSON decoding codec LegacyJacksonJson
2019-01-27 20:20:29.317  INFO 3129 --- [           main] c.n.d.provider.DiscoveryJerseyProvider   : Using XML encoding codec XStreamXml
2019-01-27 20:20:29.317  INFO 3129 --- [           main] c.n.d.provider.DiscoveryJerseyProvider   : Using XML decoding codec XStreamXml
2019-01-27 20:20:29.827  INFO 3129 --- [           main] c.n.d.s.r.aws.ConfigClusterResolver      : Resolving eureka endpoints via configuration
2019-01-27 20:20:29.887  INFO 3129 --- [           main] com.netflix.discovery.DiscoveryClient    : Disable delta property : false
2019-01-27 20:20:29.888  INFO 3129 --- [           main] com.netflix.discovery.DiscoveryClient    : Single vip registry refresh property : null
2019-01-27 20:20:29.889  INFO 3129 --- [           main] com.netflix.discovery.DiscoveryClient    : Force full registry fetch : false
2019-01-27 20:20:29.889  INFO 3129 --- [           main] com.netflix.discovery.DiscoveryClient    : Application is null : false
2019-01-27 20:20:29.890  INFO 3129 --- [           main] com.netflix.discovery.DiscoveryClient    : Registered Applications size is zero : true
2019-01-27 20:20:29.890  INFO 3129 --- [           main] com.netflix.discovery.DiscoveryClient    : Application version is -1: true
2019-01-27 20:20:29.891  INFO 3129 --- [           main] com.netflix.discovery.DiscoveryClient    : Getting all instance registry info from the eureka server
2019-01-27 20:20:30.696  INFO 3129 --- [           main] com.netflix.discovery.DiscoveryClient    : The response status is 200
2019-01-27 20:20:30.700  INFO 3129 --- [           main] com.netflix.discovery.DiscoveryClient    : Not registering with Eureka server per configuration
2019-01-27 20:20:30.708  INFO 3129 --- [           main] com.netflix.discovery.DiscoveryClient    : Discovery Client initialized at timestamp 1548591630708 with initial instances count: 3

  .   ____          _            __ _ _
 /\\ / ___'_ __ _ _(_)_ __  __ _ \ \ \ \
( ( )\___ | '_ | '_| | '_ \/ _` | \ \ \ \
 \\/  ___)| |_)| | | | | || (_| |  ) ) ) )
  '  |____| .__|_| |_|_| |_\__, | / / / /
 =========|_|==============|___/=/_/_/_/
 :: Spring Boot ::             (v2.0.0.M3)

2019-01-27 20:20:31.261  INFO 3129 --- [           main] c.c.c.ConfigServicePropertySourceLocator : Fetching config from server at: http://10.0.0.11:8084/
2019-01-27 20:20:33.182  INFO 3129 --- [           main] c.c.c.ConfigServicePropertySourceLocator : Located environment: name=PRODUCT, profiles=[test], label=null, version=81fcd57e32935b7e8e34c3e0fa7753a7e95c3211, state=null
2019-01-27 20:20:33.183  INFO 3129 --- [           main] b.c.PropertySourceBootstrapConfiguration : Located property source: CompositePropertySource [name='configService', propertySources=[MapPropertySource [name='configClient'], MapPropertySource [name='https://github.com/abcdtianzi/config-repo/PRODUCT-test.yml']]]
2019-01-27 20:20:33.232  INFO 3129 --- [           main] c.t.p.r.ProductCategoryRepositoryTest    : No active profile set, falling back to default profiles: default
2019-01-27 20:20:33.242  INFO 3129 --- [           main] o.s.w.c.s.GenericWebApplicationContext   : Refreshing org.springframework.web.context.support.GenericWebApplicationContext@3472947a: startup date [Sun Jan 27 20:20:33 CST 2019]; parent: org.springframework.context.annotation.AnnotationConfigApplicationContext@4982cc36
2019-01-27 20:20:35.844  INFO 3129 --- [           main] o.s.i.config.IntegrationRegistrar        : No bean named 'integrationHeaderChannelRegistry' has been explicitly defined. Therefore, a default DefaultHeaderChannelRegistry will be created.
2019-01-27 20:20:36.795  INFO 3129 --- [           main] o.s.cloud.context.scope.GenericScope     : BeanFactory id=85075c61-edca-3be7-88df-9983192ef8e0
2019-01-27 20:20:36.929  INFO 3129 --- [           main] faultConfiguringBeanFactoryPostProcessor : No bean named 'errorChannel' has been explicitly defined. Therefore, a default PublishSubscribeChannel will be created.
2019-01-27 20:20:36.946  INFO 3129 --- [           main] faultConfiguringBeanFactoryPostProcessor : No bean named 'taskScheduler' has been explicitly defined. Therefore, a default ThreadPoolTaskScheduler will be created.
2019-01-27 20:20:37.001  INFO 3129 --- [           main] f.a.AutowiredAnnotationBeanPostProcessor : JSR-330 'javax.inject.Inject' annotation found and supported for autowiring
2019-01-27 20:20:37.185  INFO 3129 --- [           main] trationDelegate$BeanPostProcessorChecker : Bean 'org.springframework.amqp.rabbit.annotation.RabbitBootstrapConfiguration' of type [org.springframework.amqp.rabbit.annotation.RabbitBootstrapConfiguration$$EnhancerBySpringCGLIB$$7c6a33d4] is not eligible for getting processed by all BeanPostProcessors (for example: not eligible for auto-proxying)
2019-01-27 20:20:37.512  INFO 3129 --- [           main] trationDelegate$BeanPostProcessorChecker : Bean 'org.springframework.transaction.annotation.ProxyTransactionManagementConfiguration' of type [org.springframework.transaction.annotation.ProxyTransactionManagementConfiguration$$EnhancerBySpringCGLIB$$b5fe75a6] is not eligible for getting processed by all BeanPostProcessors (for example: not eligible for auto-proxying)
2019-01-27 20:20:37.846  INFO 3129 --- [           main] trationDelegate$BeanPostProcessorChecker : Bean 'org.springframework.cloud.netflix.metrics.MetricsInterceptorConfiguration$MetricsRestTemplateConfiguration' of type [org.springframework.cloud.netflix.metrics.MetricsInterceptorConfiguration$MetricsRestTemplateConfiguration$$EnhancerBySpringCGLIB$$e82b1be7] is not eligible for getting processed by all BeanPostProcessors (for example: not eligible for auto-proxying)
2019-01-27 20:20:37.962  INFO 3129 --- [           main] trationDelegate$BeanPostProcessorChecker : Bean 'org.springframework.cloud.autoconfigure.ConfigurationPropertiesRebinderAutoConfiguration' of type [org.springframework.cloud.autoconfigure.ConfigurationPropertiesRebinderAutoConfiguration$$EnhancerBySpringCGLIB$$d21878a3] is not eligible for getting processed by all BeanPostProcessors (for example: not eligible for auto-proxying)
2019-01-27 20:20:37.996  INFO 3129 --- [           main] f.a.AutowiredAnnotationBeanPostProcessor : JSR-330 'javax.inject.Inject' annotation found and supported for autowiring
2019-01-27 20:20:38.474  INFO 3129 --- [           main] com.zaxxer.hikari.HikariDataSource       : testdb - Starting...
2019-01-27 20:20:39.069  INFO 3129 --- [           main] com.zaxxer.hikari.HikariDataSource       : testdb - Start completed.
2019-01-27 20:20:39.279  INFO 3129 --- [           main] j.LocalContainerEntityManagerFactoryBean : Building JPA container EntityManagerFactory for persistence unit 'default'
2019-01-27 20:20:39.335  INFO 3129 --- [           main] o.hibernate.jpa.internal.util.LogHelper  : HHH000204: Processing PersistenceUnitInfo [
	name: default
	...]
2019-01-27 20:20:39.638  INFO 3129 --- [           main] org.hibernate.Version                    : HHH000412: Hibernate Core {5.2.10.Final}
2019-01-27 20:20:39.644  INFO 3129 --- [           main] org.hibernate.cfg.Environment            : HHH000206: hibernate.properties not found
2019-01-27 20:20:39.815  INFO 3129 --- [           main] o.hibernate.annotations.common.Version   : HCANN000001: Hibernate Commons Annotations {5.0.1.Final}
2019-01-27 20:20:40.172  INFO 3129 --- [           main] org.hibernate.dialect.Dialect            : HHH000400: Using dialect: org.hibernate.dialect.MySQL5Dialect
2019-01-27 20:20:41.616  INFO 3129 --- [           main] j.LocalContainerEntityManagerFactoryBean : Initialized JPA EntityManagerFactory for persistence unit 'default'
2019-01-27 20:20:45.251  WARN 3129 --- [           main] c.n.c.sources.URLConfigurationSource     : No URLs will be polled as dynamic configuration sources.
2019-01-27 20:20:45.252  INFO 3129 --- [           main] c.n.c.sources.URLConfigurationSource     : To enable URLs as dynamic configuration sources, define System property archaius.configurationSource.additionalUrls or make config.properties available on classpath.
2019-01-27 20:20:45.267  WARN 3129 --- [           main] c.n.c.sources.URLConfigurationSource     : No URLs will be polled as dynamic configuration sources.
2019-01-27 20:20:45.268  INFO 3129 --- [           main] c.n.c.sources.URLConfigurationSource     : To enable URLs as dynamic configuration sources, define System property archaius.configurationSource.additionalUrls or make config.properties available on classpath.
2019-01-27 20:20:46.131  INFO 3129 --- [           main] s.w.s.m.m.a.RequestMappingHandlerAdapter : Looking for @ControllerAdvice: org.springframework.web.context.support.GenericWebApplicationContext@3472947a: startup date [Sun Jan 27 20:20:33 CST 2019]; parent: org.springframework.context.annotation.AnnotationConfigApplicationContext@4982cc36
2019-01-27 20:20:46.532  INFO 3129 --- [           main] s.w.s.m.m.a.RequestMappingHandlerMapping : Mapped "{[/product/list]}" onto public com.ting.product.vo.ResultVo com.ting.product.controller.ProductController.list()
2019-01-27 20:20:46.534  INFO 3129 --- [           main] s.w.s.m.m.a.RequestMappingHandlerMapping : Mapped "{[/product/decreaseStock],methods=[POST]}" onto public void com.ting.product.controller.ProductController.decreaseStock(java.util.List<com.ting.product.common.DecreaseStockInput>)
2019-01-27 20:20:46.535  INFO 3129 --- [           main] s.w.s.m.m.a.RequestMappingHandlerMapping : Mapped "{[/product/listForOrder],methods=[POST]}" onto public java.util.List<com.ting.product.common.ProductInfoOutput> com.ting.product.controller.ProductController.listForOrder(java.util.List<java.lang.String>) throws java.lang.InterruptedException
2019-01-27 20:20:46.535  INFO 3129 --- [           main] s.w.s.m.m.a.RequestMappingHandlerMapping : Mapped "{[/product/testMutipartFile],methods=[POST]}" onto public java.lang.String com.ting.product.controller.ProductController.testMutipartFile(org.springframework.web.multipart.MultipartFile)
2019-01-27 20:20:46.536  INFO 3129 --- [           main] s.w.s.m.m.a.RequestMappingHandlerMapping : Mapped "{[/product/testDtoClass],methods=[POST]}" onto public java.lang.String com.ting.product.controller.ProductController.testDtoClass(com.ting.product.dto.CartDTO)
2019-01-27 20:20:46.540  INFO 3129 --- [           main] s.w.s.m.m.a.RequestMappingHandlerMapping : Mapped "{[/msg],methods=[GET]}" onto public java.lang.String com.ting.product.controller.ServerController.msg()
2019-01-27 20:20:46.553  INFO 3129 --- [           main] s.w.s.m.m.a.RequestMappingHandlerMapping : Mapped "{[/error]}" onto public org.springframework.http.ResponseEntity<java.util.Map<java.lang.String, java.lang.Object>> org.springframework.boot.autoconfigure.web.servlet.error.BasicErrorController.error(javax.servlet.http.HttpServletRequest)
2019-01-27 20:20:46.557  INFO 3129 --- [           main] s.w.s.m.m.a.RequestMappingHandlerMapping : Mapped "{[/error],produces=[text/html]}" onto public org.springframework.web.servlet.ModelAndView org.springframework.boot.autoconfigure.web.servlet.error.BasicErrorController.errorHtml(javax.servlet.http.HttpServletRequest,javax.servlet.http.HttpServletResponse)
2019-01-27 20:20:46.696  INFO 3129 --- [           main] o.s.w.s.handler.SimpleUrlHandlerMapping  : Mapped URL path [/webjars/**] onto handler of type [class org.springframework.web.servlet.resource.ResourceHttpRequestHandler]
2019-01-27 20:20:46.697  INFO 3129 --- [           main] o.s.w.s.handler.SimpleUrlHandlerMapping  : Mapped URL path [/**] onto handler of type [class org.springframework.web.servlet.resource.ResourceHttpRequestHandler]
2019-01-27 20:20:46.859  INFO 3129 --- [           main] o.s.w.s.handler.SimpleUrlHandlerMapping  : Mapped URL path [/**/favicon.ico] onto handler of type [class org.springframework.web.servlet.resource.ResourceHttpRequestHandler]
2019-01-27 20:20:48.178  INFO 3129 --- [           main] o.s.s.c.ThreadPoolTaskScheduler          : Initializing ExecutorService  'taskScheduler'
2019-01-27 20:20:48.948  INFO 3129 --- [           main] o.s.b.a.e.mvc.EndpointHandlerMapping     : Mapped "{[/application/loggers/{name:.*}],methods=[GET],produces=[application/vnd.spring-boot.actuator.v2+json || application/json]}" onto public java.lang.Object org.springframework.boot.actuate.endpoint.mvc.LoggersMvcEndpoint.get(java.lang.String)
2019-01-27 20:20:48.949  INFO 3129 --- [           main] o.s.b.a.e.mvc.EndpointHandlerMapping     : Mapped "{[/application/loggers/{name:.*}],methods=[POST],consumes=[application/vnd.spring-boot.actuator.v2+json || application/json],produces=[application/vnd.spring-boot.actuator.v2+json || application/json]}" onto public java.lang.Object org.springframework.boot.actuate.endpoint.mvc.LoggersMvcEndpoint.set(java.lang.String,java.util.Map<java.lang.String, java.lang.String>)
2019-01-27 20:20:48.950  INFO 3129 --- [           main] o.s.b.a.e.mvc.EndpointHandlerMapping     : Mapped "{[/application/loggers || /application/loggers.json],methods=[GET],produces=[application/vnd.spring-boot.actuator.v2+json || application/json]}" onto public java.lang.Object org.springframework.boot.actuate.endpoint.mvc.EndpointMvcAdapter.invoke()
2019-01-27 20:20:48.951  INFO 3129 --- [           main] o.s.b.a.e.mvc.EndpointHandlerMapping     : Mapped "{[/application/archaius || /application/archaius.json],methods=[GET],produces=[application/vnd.spring-boot.actuator.v2+json || application/json]}" onto public java.lang.Object org.springframework.boot.actuate.endpoint.mvc.EndpointMvcAdapter.invoke()
2019-01-27 20:20:48.952  INFO 3129 --- [           main] o.s.b.a.e.mvc.EndpointHandlerMapping     : Mapped "{[/application/trace || /application/trace.json],methods=[GET],produces=[application/vnd.spring-boot.actuator.v2+json || application/json]}" onto public java.lang.Object org.springframework.boot.actuate.endpoint.mvc.EndpointMvcAdapter.invoke()
2019-01-27 20:20:48.953  INFO 3129 --- [           main] o.s.b.a.e.mvc.EndpointHandlerMapping     : Mapped "{[/application/autoconfig || /application/autoconfig.json],methods=[GET],produces=[application/vnd.spring-boot.actuator.v2+json || application/json]}" onto public java.lang.Object org.springframework.boot.actuate.endpoint.mvc.EndpointMvcAdapter.invoke()
2019-01-27 20:20:48.955  INFO 3129 --- [           main] o.s.b.a.e.mvc.EndpointHandlerMapping     : Mapped "{[/application/heapdump || /application/heapdump.json],methods=[GET],produces=[application/octet-stream]}" onto public void org.springframework.boot.actuate.endpoint.mvc.HeapdumpMvcEndpoint.invoke(boolean,javax.servlet.http.HttpServletRequest,javax.servlet.http.HttpServletResponse) throws java.io.IOException,javax.servlet.ServletException
2019-01-27 20:20:48.957  INFO 3129 --- [           main] o.s.b.a.e.mvc.EndpointHandlerMapping     : Mapped "{[/application/metrics/{name:.*}],methods=[GET],produces=[application/vnd.spring-boot.actuator.v2+json || application/json]}" onto public java.lang.Object org.springframework.boot.actuate.endpoint.mvc.MetricsMvcEndpoint.value(java.lang.String)
2019-01-27 20:20:48.958  INFO 3129 --- [           main] o.s.b.a.e.mvc.EndpointHandlerMapping     : Mapped "{[/application/metrics || /application/metrics.json],methods=[GET],produces=[application/vnd.spring-boot.actuator.v2+json || application/json]}" onto public java.lang.Object org.springframework.boot.actuate.endpoint.mvc.EndpointMvcAdapter.invoke()
2019-01-27 20:20:48.960  INFO 3129 --- [           main] o.s.b.a.e.mvc.EndpointHandlerMapping     : Mapped "{[/application/mappings || /application/mappings.json],methods=[GET],produces=[application/vnd.spring-boot.actuator.v2+json || application/json]}" onto public java.lang.Object org.springframework.boot.actuate.endpoint.mvc.EndpointMvcAdapter.invoke()
2019-01-27 20:20:48.962  INFO 3129 --- [           main] o.s.b.a.e.mvc.EndpointHandlerMapping     : Mapped "{[/application/dump || /application/dump.json],methods=[GET],produces=[application/vnd.spring-boot.actuator.v2+json || application/json]}" onto public java.lang.Object org.springframework.boot.actuate.endpoint.mvc.EndpointMvcAdapter.invoke()
2019-01-27 20:20:48.964  INFO 3129 --- [           main] o.s.b.a.e.mvc.EndpointHandlerMapping     : Mapped "{[/application/configprops || /application/configprops.json],methods=[GET],produces=[application/vnd.spring-boot.actuator.v2+json || application/json]}" onto public java.lang.Object org.springframework.boot.actuate.endpoint.mvc.EndpointMvcAdapter.invoke()
2019-01-27 20:20:48.966  INFO 3129 --- [           main] o.s.b.a.e.mvc.EndpointHandlerMapping     : Mapped "{[/application/env/{name:.*}],methods=[GET],produces=[application/vnd.spring-boot.actuator.v2+json || application/json]}" onto public java.lang.Object org.springframework.boot.actuate.endpoint.mvc.EnvironmentMvcEndpoint.value(java.lang.String)
2019-01-27 20:20:48.967  INFO 3129 --- [           main] o.s.b.a.e.mvc.EndpointHandlerMapping     : Mapped "{[/application/env || /application/env.json],methods=[GET],produces=[application/vnd.spring-boot.actuator.v2+json || application/json]}" onto public java.lang.Object org.springframework.boot.actuate.endpoint.mvc.EndpointMvcAdapter.invoke()
2019-01-27 20:20:48.968  INFO 3129 --- [           main] o.s.b.a.e.mvc.EndpointHandlerMapping     : Mapped "{[/application/health || /application/health.json],methods=[GET],produces=[application/vnd.spring-boot.actuator.v2+json || application/json]}" onto public java.lang.Object org.springframework.boot.actuate.endpoint.mvc.HealthMvcEndpoint.invoke(javax.servlet.http.HttpServletRequest,java.security.Principal)
2019-01-27 20:20:48.970  INFO 3129 --- [           main] o.s.b.a.e.mvc.EndpointHandlerMapping     : Mapped "{[/application/refresh || /application/refresh.json],methods=[POST]}" onto public java.lang.Object org.springframework.cloud.endpoint.GenericPostableMvcEndpoint.invoke()
2019-01-27 20:20:48.971  INFO 3129 --- [           main] o.s.b.a.e.mvc.EndpointHandlerMapping     : Mapped "{[/application/features || /application/features.json],methods=[GET],produces=[application/vnd.spring-boot.actuator.v2+json || application/json]}" onto public java.lang.Object org.springframework.boot.actuate.endpoint.mvc.EndpointMvcAdapter.invoke()
2019-01-27 20:20:48.976  INFO 3129 --- [           main] o.s.b.a.e.mvc.EndpointHandlerMapping     : Mapped "{[/application/info || /application/info.json],methods=[GET],produces=[application/vnd.spring-boot.actuator.v2+json || application/json]}" onto public java.lang.Object org.springframework.boot.actuate.endpoint.mvc.EndpointMvcAdapter.invoke()
2019-01-27 20:20:48.979  INFO 3129 --- [           main] o.s.b.a.e.mvc.EndpointHandlerMapping     : Mapped "{[/application/env],methods=[POST]}" onto public java.lang.Object org.springframework.cloud.context.environment.EnvironmentManagerMvcEndpoint.value(java.util.Map<java.lang.String, java.lang.String>)
2019-01-27 20:20:48.982  INFO 3129 --- [           main] o.s.b.a.e.mvc.EndpointHandlerMapping     : Mapped "{[/application/env/reset],methods=[POST]}" onto public java.util.Map<java.lang.String, java.lang.Object> org.springframework.cloud.context.environment.EnvironmentManagerMvcEndpoint.reset()
2019-01-27 20:20:48.984  INFO 3129 --- [           main] o.s.b.a.e.mvc.EndpointHandlerMapping     : Mapped "{[/application/service-registry/instance-status],methods=[POST]}" onto public org.springframework.http.ResponseEntity<?> org.springframework.cloud.client.serviceregistry.endpoint.ServiceRegistryEndpoint.setStatus(java.lang.String)
2019-01-27 20:20:48.984  INFO 3129 --- [           main] o.s.b.a.e.mvc.EndpointHandlerMapping     : Mapped "{[/application/service-registry/instance-status],methods=[GET]}" onto public org.springframework.http.ResponseEntity org.springframework.cloud.client.serviceregistry.endpoint.ServiceRegistryEndpoint.getStatus()
2019-01-27 20:20:48.987  INFO 3129 --- [           main] o.s.b.a.e.mvc.EndpointHandlerMapping     : Mapped "{[/application/auditevents || /application/auditevents.json],methods=[GET],produces=[application/vnd.spring-boot.actuator.v2+json || application/json]}" onto public org.springframework.http.ResponseEntity<?> org.springframework.boot.actuate.endpoint.mvc.AuditEventsMvcEndpoint.findByPrincipalAndAfterAndType(java.lang.String,java.util.Date,java.lang.String)
2019-01-27 20:20:48.991  INFO 3129 --- [           main] o.s.b.a.e.mvc.EndpointHandlerMapping     : Mapped "{[/application/beans || /application/beans.json],methods=[GET],produces=[application/vnd.spring-boot.actuator.v2+json || application/json]}" onto public java.lang.Object org.springframework.boot.actuate.endpoint.mvc.EndpointMvcAdapter.invoke()
2019-01-27 20:20:50.732  INFO 3129 --- [           main] com.netflix.discovery.DiscoveryClient    : Shutting down DiscoveryClient ...
2019-01-27 20:20:50.810  INFO 3129 --- [           main] com.netflix.discovery.DiscoveryClient    : Completed shut down of DiscoveryClient
2019-01-27 20:20:51.352  INFO 3129 --- [           main] o.s.i.codec.kryo.CompositeKryoRegistrar  : configured Kryo registration [40, java.io.File] with serializer org.springframework.integration.codec.kryo.FileSerializer
2019-01-27 20:20:51.397  INFO 3129 --- [           main] f.a.AutowiredAnnotationBeanPostProcessor : JSR-330 'javax.inject.Inject' annotation found and supported for autowiring
2019-01-27 20:20:53.331  INFO 3129 --- [           main] o.s.c.support.DefaultLifecycleProcessor  : Starting beans in phase -2147482648
2019-01-27 20:20:53.332  INFO 3129 --- [           main] o.s.c.support.DefaultLifecycleProcessor  : Starting beans in phase 0
2019-01-27 20:20:53.333  INFO 3129 --- [           main] o.s.i.endpoint.EventDrivenConsumer       : Adding {logging-channel-adapter:_org.springframework.integration.errorLogger} as a subscriber to the 'errorChannel' channel
2019-01-27 20:20:53.334  INFO 3129 --- [           main] o.s.i.channel.PublishSubscribeChannel    : Channel 'PRODUCT:-1.errorChannel' has 1 subscriber(s).
2019-01-27 20:20:53.334  INFO 3129 --- [           main] o.s.i.endpoint.EventDrivenConsumer       : started _org.springframework.integration.errorLogger
2019-01-27 20:20:53.334  INFO 3129 --- [           main] o.s.c.support.DefaultLifecycleProcessor  : Starting beans in phase 2147483647
2019-01-27 20:20:53.474  INFO 3129 --- [           main] c.t.p.r.ProductCategoryRepositoryTest    : Started ProductCategoryRepositoryTest in 28.292 seconds (JVM running for 30.826)
2019-01-27 20:20:54.014  INFO 3129 --- [           main] o.h.h.i.QueryTranslatorFactoryInitiator  : HHH000397: Using ASTQueryTranslatorFactory
Hibernate: select productcat0_.category_id as category1_0_, productcat0_.category_name as category2_0_, productcat0_.category_type as category3_0_, productcat0_.create_time as create_t4_0_, productcat0_.update_time as update_t5_0_ from product_category productcat0_ where productcat0_.category_type in (? , ?)
]]></system-out>
  </testcase>
</testsuite>