<?xml version="1.0" encoding="UTF-8"?>
<testsuite xmlns:xsi="http://www.w3.org/2001/XMLSchema-instance" xsi:schemaLocation="https://maven.apache.org/surefire/maven-surefire-plugin/xsd/surefire-test-report.xsd" name="com.ting.product.service.impl.CategoryServiceImplTest" time="0.063" tests="2" errors="0" skipped="0" failures="1">
  <properties>
[...]
</properties>
  <testcase name="testFindByCategoryTypeIn" classname="com.ting.product.service.impl.CategoryServiceImplTest" time="0.017">
    <failure type="java.lang.AssertionError">java.lang.AssertionError
	at com.ting.product.service.impl.CategoryServiceImplTest.testFindByCategoryTypeIn(CategoryServiceImplTest.java:27)
</failure>
    <system-out><![CDATA[2019-01-27 20:20:54.565  INFO 3129 --- [           main] .b.t.c.SpringBootTestContextBootstrapper : Neither @ContextConfiguration nor @ContextHierarchy found for test class [com.ting.product.service.impl.CategoryServiceImplTest], using SpringBootContextLoader
2019-01-27 20:20:54.566  INFO 3129 --- [           main] o.s.t.c.support.AbstractContextLoader    : Could not detect default resource locations for test class [com.ting.product.service.impl.CategoryServiceImplTest]: no resource found for suffixes {-context.xml, Context.groovy}.
2019-01-27 20:20:54.566  INFO 3129 --- [           main] t.c.s.AnnotationConfigContextLoaderUtils : Could not detect default configuration classes for test class [com.ting.product.service.impl.CategoryServiceImplTest]: CategoryServiceImplTest does not declare any static, non-private, non-final, nested classes annotated with @Configuration.
2019-01-27 20:20:54.602  INFO 3129 --- [           main] .b.t.c.SpringBootTestContextBootstrapper : Found @SpringBootConfiguration com.ting.product.SpringCloudProductApplication for test class com.ting.product.service.impl.CategoryServiceImplTest
2019-01-27 20:20:54.651  INFO 3129 --- [           main] .b.t.c.SpringBootTestContextBootstrapper : Loaded default TestExecutionListener class names from location [META-INF/spring.factories]: [org.springframework.boot.test.mock.mockito.MockitoTestExecutionListener, org.springframework.boot.test.mock.mockito.ResetMocksTestExecutionListener, org.springframework.boot.test.autoconfigure.restdocs.RestDocsTestExecutionListener, org.springframework.boot.test.autoconfigure.web.client.MockRestServiceServerResetTestExecutionListener, org.springframework.boot.test.autoconfigure.web.servlet.MockMvcPrintOnlyOnFailureTestExecutionListener, org.springframework.boot.test.autoconfigure.web.servlet.WebDriverTestExecutionListener, org.springframework.test.context.web.ServletTestExecutionListener, org.springframework.test.context.support.DirtiesContextBeforeModesTestExecutionListener, org.springframework.test.context.support.DependencyInjectionTestExecutionListener, org.springframework.test.context.support.DirtiesContextTestExecutionListener, org.springframework.test.context.transaction.TransactionalTestExecutionListener, org.springframework.test.context.jdbc.SqlScriptsTestExecutionListener]
2019-01-27 20:20:54.651  INFO 3129 --- [           main] .b.t.c.SpringBootTestContextBootstrapper : Using TestExecutionListeners: [org.springframework.test.context.web.ServletTestExecutionListener@94ba90a, org.springframework.test.context.support.DirtiesContextBeforeModesTestExecutionListener@643947d1, org.springframework.boot.test.autoconfigure.SpringBootDependencyInjectionTestExecutionListener@44b99f09, org.springframework.test.context.support.DirtiesContextTestExecutionListener@261d7ee2, org.springframework.test.context.transaction.TransactionalTestExecutionListener@724a80d2, org.springframework.test.context.jdbc.SqlScriptsTestExecutionListener@5ce34685, org.springframework.boot.test.mock.mockito.MockitoTestExecutionListener@54aacbc7, org.springframework.boot.test.autoconfigure.web.servlet.MockMvcPrintOnlyOnFailureTestExecutionListener@198d55de, org.springframework.boot.test.autoconfigure.web.servlet.WebDriverTestExecutionListener@3fe70a2d, org.springframework.boot.test.mock.mockito.ResetMocksTestExecutionListener@79f6b43a, org.springframework.boot.test.autoconfigure.web.client.MockRestServiceServerResetTestExecutionListener@7b80ac30, org.springframework.boot.test.autoconfigure.restdocs.RestDocsTestExecutionListener@8d0253b]
Hibernate: select productcat0_.category_id as category1_0_, productcat0_.category_name as category2_0_, productcat0_.category_type as category3_0_, productcat0_.create_time as create_t4_0_, productcat0_.update_time as update_t5_0_ from product_category productcat0_ where productcat0_.category_type in (? , ?)
]]></system-out>
  </testcase>
  <testcase name="contextLoads" classname="com.ting.product.service.impl.CategoryServiceImplTest" time="0.008"/>
</testsuite>